0 info it worked if it ends with ok
1 verbose cli [ 'C:\\Program Files\\nodejs\\node.exe',
1 verbose cli   'C:\\Program Files\\nodejs\\node_modules\\npm\\bin\\npm-cli.js',
1 verbose cli   'install',
1 verbose cli   'bower',
1 verbose cli   '-',
1 verbose cli   'g' ]
2 info using npm@3.10.10
3 info using node@v6.10.2
4 silly loadCurrentTree Starting
5 silly install loadCurrentTree
6 silly install readLocalPackageData
7 silly fetchPackageMetaData bower
8 silly fetchPackageMetaData -
9 silly fetchPackageMetaData g
10 silly fetchNamedPackageData bower
11 silly mapToRegistry name bower
12 silly mapToRegistry using default registry
13 silly mapToRegistry registry https://registry.npmjs.org/
14 silly mapToRegistry data Result {
14 silly mapToRegistry   raw: 'bower',
14 silly mapToRegistry   scope: null,
14 silly mapToRegistry   escapedName: 'bower',
14 silly mapToRegistry   name: 'bower',
14 silly mapToRegistry   rawSpec: '',
14 silly mapToRegistry   spec: 'latest',
14 silly mapToRegistry   type: 'tag' }
15 silly mapToRegistry uri https://registry.npmjs.org/bower
16 silly fetchOtherPackageData -
17 silly cache add args [ '-', null ]
18 verbose cache add spec -
19 silly fetchNamedPackageData g
20 silly mapToRegistry name g
21 silly mapToRegistry using default registry
22 silly mapToRegistry registry https://registry.npmjs.org/
23 silly mapToRegistry data Result {
23 silly mapToRegistry   raw: 'g',
23 silly mapToRegistry   scope: null,
23 silly mapToRegistry   escapedName: 'g',
23 silly mapToRegistry   name: 'g',
23 silly mapToRegistry   rawSpec: '',
23 silly mapToRegistry   spec: 'latest',
23 silly mapToRegistry   type: 'tag' }
24 silly mapToRegistry uri https://registry.npmjs.org/g
25 silly cache add parsed spec Result {
25 silly cache add   raw: '-',
25 silly cache add   scope: null,
25 silly cache add   escapedName: null,
25 silly cache add   name: null,
25 silly cache add   rawSpec: '-',
25 silly cache add   spec: 'D:\\bootstrap\\-',
25 silly cache add   type: 'local' }
26 error addLocal Could not install D:\bootstrap\-
27 silly fetchPackageMetaData Error: ENOENT: no such file or directory, open 'D:\bootstrap\-'
27 silly fetchPackageMetaData     at Error (native)
27 silly fetchPackageMetaData  error for - { Error: ENOENT: no such file or directory, open 'D:\bootstrap\-'
27 silly fetchPackageMetaData     at Error (native)
27 silly fetchPackageMetaData   errno: -4058,
27 silly fetchPackageMetaData   code: 'ENOENT',
27 silly fetchPackageMetaData   syscall: 'open',
27 silly fetchPackageMetaData   path: 'D:\\bootstrap\\-' }
28 verbose request uri https://registry.npmjs.org/bower
29 verbose request no auth needed
30 info attempt registry request try #1 at 13:54:43
31 verbose request id ab50c28c36e1940d
32 verbose etag W/"58f23126-2afde"
33 verbose lastModified Sat, 15 Apr 2017 14:41:42 GMT
34 http request GET https://registry.npmjs.org/bower
35 verbose request uri https://registry.npmjs.org/g
36 verbose request no auth needed
37 info attempt registry request try #1 at 13:54:43
38 verbose etag W/"57369939-205b"
39 verbose lastModified Sat, 14 May 2016 03:19:21 GMT
40 http request GET https://registry.npmjs.org/g
41 http 304 https://registry.npmjs.org/bower
42 verbose headers { date: 'Mon, 17 Apr 2017 05:58:31 GMT',
42 verbose headers   via: '1.1 varnish',
42 verbose headers   'cache-control': 'max-age=300',
42 verbose headers   etag: 'W/"58f23126-2afde"',
42 verbose headers   age: '147',
42 verbose headers   connection: 'keep-alive',
42 verbose headers   'x-served-by': 'cache-nrt6125-NRT',
42 verbose headers   'x-cache': 'HIT',
42 verbose headers   'x-cache-hits': '6',
42 verbose headers   'x-timer': 'S1492408712.838334,VS0,VE0',
42 verbose headers   vary: 'Accept-Encoding' }
43 silly get cb [ 304,
43 silly get   { date: 'Mon, 17 Apr 2017 05:58:31 GMT',
43 silly get     via: '1.1 varnish',
43 silly get     'cache-control': 'max-age=300',
43 silly get     etag: 'W/"58f23126-2afde"',
43 silly get     age: '147',
43 silly get     connection: 'keep-alive',
43 silly get     'x-served-by': 'cache-nrt6125-NRT',
43 silly get     'x-cache': 'HIT',
43 silly get     'x-cache-hits': '6',
43 silly get     'x-timer': 'S1492408712.838334,VS0,VE0',
43 silly get     vary: 'Accept-Encoding' } ]
44 verbose etag https://registry.npmjs.org/bower from cache
45 verbose get saving bower to C:\Users\Administrator\AppData\Roaming\npm-cache\registry.npmjs.org\bower\.cache.json
46 verbose correctMkdir C:\Users\Administrator\AppData\Roaming\npm-cache correctMkdir not in flight; initializing
47 info retry will retry, error on last attempt: Error: connect ETIMEDOUT 151.101.72.162:443
48 info attempt registry request try #2 at 13:55:14
49 verbose etag W/"57369939-205b"
50 verbose lastModified Sat, 14 May 2016 03:19:21 GMT
51 http request GET https://registry.npmjs.org/g
52 http 304 https://registry.npmjs.org/g
53 verbose headers { date: 'Mon, 17 Apr 2017 05:58:58 GMT',
53 verbose headers   via: '1.1 varnish',
53 verbose headers   'cache-control': 'max-age=300',
53 verbose headers   etag: 'W/"57369939-205b"',
53 verbose headers   age: '130',
53 verbose headers   connection: 'keep-alive',
53 verbose headers   'x-served-by': 'cache-nrt6125-NRT',
53 verbose headers   'x-cache': 'HIT',
53 verbose headers   'x-cache-hits': '1',
53 verbose headers   'x-timer': 'S1492408739.592451,VS0,VE0',
53 verbose headers   vary: 'Accept-Encoding' }
54 silly get cb [ 304,
54 silly get   { date: 'Mon, 17 Apr 2017 05:58:58 GMT',
54 silly get     via: '1.1 varnish',
54 silly get     'cache-control': 'max-age=300',
54 silly get     etag: 'W/"57369939-205b"',
54 silly get     age: '130',
54 silly get     connection: 'keep-alive',
54 silly get     'x-served-by': 'cache-nrt6125-NRT',
54 silly get     'x-cache': 'HIT',
54 silly get     'x-cache-hits': '1',
54 silly get     'x-timer': 'S1492408739.592451,VS0,VE0',
54 silly get     vary: 'Accept-Encoding' } ]
55 verbose etag https://registry.npmjs.org/g from cache
56 verbose get saving g to C:\Users\Administrator\AppData\Roaming\npm-cache\registry.npmjs.org\g\.cache.json
57 verbose correctMkdir C:\Users\Administrator\AppData\Roaming\npm-cache correctMkdir not in flight; initializing
58 silly rollbackFailedOptional Starting
59 silly rollbackFailedOptional Finishing
60 silly runTopLevelLifecycles Finishing
61 silly install printInstalled
62 verbose stack Error: ENOENT: no such file or directory, open 'D:\bootstrap\-'
62 verbose stack     at Error (native)
63 verbose cwd D:\bootstrap
64 error Windows_NT 6.1.7601
65 error argv "C:\\Program Files\\nodejs\\node.exe" "C:\\Program Files\\nodejs\\node_modules\\npm\\bin\\npm-cli.js" "install" "bower" "-" "g"
66 error node v6.10.2
67 error npm  v3.10.10
68 error path D:\bootstrap\-
69 error code ENOENT
70 error errno -4058
71 error syscall open
72 error enoent ENOENT: no such file or directory, open 'D:\bootstrap\-'
73 error enoent ENOENT: no such file or directory, open 'D:\bootstrap\-'
73 error enoent This is most likely not a problem with npm itself
73 error enoent and is related to npm not being able to find a file.
74 verbose exit [ -4058, true ]
